

PRESENCE - Presence/Absence-Site Occupancy data analysis
Thu Jun 01 23:26:44 2017,       Version 12.0_170523.
- - - - - - - - - - - - - - - - - - - - - - - - - - - - -
==>i=paodata.pao
==>j=.\pres38c83ba3285c.dm
==>l=pres_psi(traduction_habitat)p(survey p traduction_habitat).out
==> 
==>quiet
==>maxfn=32000
==>name=psi(traduction_habitat)p(SURVEY + traduction_habitat)
==>lmt=1
varcov: nsig=6 eps=1.000000e-002
no model name N,T-->74,3




********* Input Data summary *******
Number of sites                = 74
Number of sampling occasions   = 3
Number of states               = 0
Number of missing observations = 150
Data checksum = 21967

NSiteCovs-->2
site_covname[0]=psi.int
site_covname[1]=psi.traduction_habitat
NSampCovs-->4
samp_covname[0]=p.int
samp_covname[1]=p.SURVEY2
samp_covname[2]=p.SURVEY3
samp_covname[3]=p.traduction_habitat
Primary periods=1 Secondary periods: 3
Naive occupancy estimate       = 1.0000

- - - - - - - - - - - - - - - - - - - - - - - - - - - - -
 PRESENCE Analysis 
- - - - - - - - - - - - - - - - - - - - - - - - - - - - -
N=74 T=3 Groups=1 bootstraps=0

-->unit 74
Matrix 1: rows=2, cols=3
            -,a1,a2
psi           1 psi.traduction_habitat
========================

Matrix 2: rows=4, cols=5
            -,b1,b2,b3,b4
p1            1 p.SURVEY2 p.SURVEY3 p.traduction_habitat
p2            1 p.SURVEY2 p.SURVEY3 p.traduction_habitat
p3            1 p.SURVEY2 p.SURVEY3 p.traduction_habitat
========================

Matrix 3: rows=0, cols=0
========================

Matrix 4: rows=0, cols=0
========================

Matrix 5: rows=0, cols=0
========================

Matrix 6: rows=0, cols=0
========================

modtype=1

Custom Model:

Number of significant digits   =   3.8

**** Numerical convergence may not have been reached.
     Parameter estimates converged to approximately 
     3.81 significant digits.


Model has been fit using the logistic link.


Number of parameters           = 6
Number of function calls           = 348

**** Numerical convergence may not have been reached.
     Parameter estimates converged to approximately 
     3.81 significant digits.

-2log(likelihood)              = 79.1172
AIC                            = 91.1172

Untransformed Estimates of coefficients for covariates (Beta's)
======================================================================
                                          estimate    std.error
A1   psi                              :  26.815802  213534.299235
A2   psi.psi.traduction_habitat       :   1.103271  117309.803840
B1   p1                               :  -2.417881    0.908497
B2   p1.p.SURVEY2                     :   2.855916    0.767457
B3   p1.p.SURVEY3                     :   1.619585    0.745260
B4   p1.p.traduction_habitat          :   0.548697    0.752770

============================================================

   Individual Site estimates of <psi>
                Site               estimate  Std.err   95% conf. interval
psi             1 unit 1          :  1.0000   0.0000     0.0000 -  1.0000

============================================================

   Individual Site estimates of <p1>
                Site               estimate  Std.err   95% conf. interval
p1              1 unit 1          :  0.0818   0.0683     0.0148 -  0.3459
p2              1 unit 1          :  0.6078   0.1802     0.2604 -  0.8721
p3              1 unit 1          :  0.3104   0.1636     0.0914 -  0.6682

============================================================


 DERIVED parameter - Psi-conditional = [Pr(occ | detection history)]

        Site                     psi-cond  Std.err     95% conf. interval
psi-cond     1   unit 1        :   1.0000  0.0000     1.0000 - 1.0000 
psi-cond     2   unit 2        :   1.0000  0.0000     1.0000 - 1.0000 
psi-cond     3   unit 3        :   1.0000  0.0000     1.0000 - 1.0000 
psi-cond     4   unit 4        :   1.0000  0.0000     1.0000 - 1.0000 
psi-cond     5   unit 5        :   1.0000  0.0000     1.0000 - 1.0000 
psi-cond     6   unit 6        :   1.0000  0.0000     1.0000 - 1.0000 
psi-cond     7   unit 7        :   1.0000  0.0000     1.0000 - 1.0000 
psi-cond     8   unit 8        :   1.0000  0.0000     1.0000 - 1.0000 
psi-cond     9   unit 9        :   1.0000  0.0000     1.0000 - 1.0000 
psi-cond    10  unit 10        :   1.0000  0.0000     1.0000 - 1.0000 
psi-cond    11  unit 11        :   1.0000  0.0000     1.0000 - 1.0000 
psi-cond    12  unit 12        :   1.0000  0.0000     1.0000 - 1.0000 
psi-cond    13  unit 13        :   1.0000  0.0000     1.0000 - 1.0000 
psi-cond    14  unit 14        :   1.0000  0.0000     1.0000 - 1.0000 
psi-cond    15  unit 15        :   1.0000  0.0000     1.0000 - 1.0000 
psi-cond    16  unit 16        :   1.0000  0.0000     1.0000 - 1.0000 
psi-cond    17  unit 17        :   1.0000  0.0000     1.0000 - 1.0000 
psi-cond    18  unit 18        :   1.0000  0.0000     1.0000 - 1.0000 
psi-cond    19  unit 19        :   1.0000  0.0000     1.0000 - 1.0000 
psi-cond    20  unit 20        :   1.0000  0.0000     1.0000 - 1.0000 
psi-cond    21  unit 21        :   1.0000  0.0000     1.0000 - 1.0000 
psi-cond    22  unit 22        :   1.0000  0.0000     1.0000 - 1.0000 
psi-cond    23  unit 23        :   1.0000  0.0000     1.0000 - 1.0000 
psi-cond    24  unit 24        :   1.0000  0.0000     1.0000 - 1.0000 
psi-cond    25  unit 25        :   1.0000  0.0000     1.0000 - 1.0000 
psi-cond    26  unit 26        :   1.0000  0.0000     1.0000 - 1.0000 
psi-cond    27  unit 27        :   1.0000  0.0000     1.0000 - 1.0000 
psi-cond    28  unit 28        :   1.0000  0.0000     1.0000 - 1.0000 
psi-cond    29  unit 29        :   1.0000  0.0000     1.0000 - 1.0000 
psi-cond    30  unit 30        :   1.0000  0.0000     1.0000 - 1.0000 
psi-cond    31  unit 31        :   1.0000  0.0000     1.0000 - 1.0000 
psi-cond    32  unit 32        :   1.0000  0.0000     1.0000 - 1.0000 
psi-cond    33  unit 33        :   1.0000  0.0000     1.0000 - 1.0000 
psi-cond    34  unit 34        :   1.0000  0.0000     1.0000 - 1.0000 
psi-cond    35  unit 35        :   1.0000  0.0000     1.0000 - 1.0000 
psi-cond    36  unit 36        :   1.0000  0.0000     1.0000 - 1.0000 
psi-cond    37  unit 37        :   1.0000  0.0000     1.0000 - 1.0000 
psi-cond    38  unit 38        :   1.0000  0.0000     1.0000 - 1.0000 
psi-cond    39  unit 39        :   1.0000  0.0000     1.0000 - 1.0000 
psi-cond    40  unit 40        :   1.0000  0.0000     1.0000 - 1.0000 
psi-cond    41  unit 41        :   1.0000  0.0000     1.0000 - 1.0000 
psi-cond    42  unit 42        :   1.0000  0.0000     1.0000 - 1.0000 
psi-cond    43  unit 43        :   1.0000  0.0000     1.0000 - 1.0000 
psi-cond    44  unit 44        :   1.0000  0.0000     1.0000 - 1.0000 
psi-cond    45  unit 45        :   1.0000  0.0000     1.0000 - 1.0000 
psi-cond    46  unit 46        :   1.0000  0.0000     1.0000 - 1.0000 
psi-cond    47  unit 47        :   1.0000  0.0000     1.0000 - 1.0000 
psi-cond    48  unit 48        :   1.0000  0.0000     1.0000 - 1.0000 
psi-cond    49  unit 49        :   1.0000  0.0000     1.0000 - 1.0000 
psi-cond    50  unit 50        :   1.0000  0.0000     1.0000 - 1.0000 
psi-cond    51  unit 51        :   1.0000  0.0000     1.0000 - 1.0000 
psi-cond    52  unit 52        :   1.0000  0.0000     1.0000 - 1.0000 
psi-cond    53  unit 53        :   1.0000  0.0000     1.0000 - 1.0000 
psi-cond    54  unit 54        :   1.0000  0.0000     1.0000 - 1.0000 
psi-cond    55  unit 55        :   1.0000  0.0000     1.0000 - 1.0000 
psi-cond    56  unit 56        :   1.0000  0.0000     1.0000 - 1.0000 
psi-cond    57  unit 57        :   1.0000  0.0000     1.0000 - 1.0000 
psi-cond    58  unit 58        :   1.0000  0.0000     1.0000 - 1.0000 
psi-cond    59  unit 59        :   1.0000  0.0000     1.0000 - 1.0000 
psi-cond    60  unit 60        :   1.0000  0.0000     1.0000 - 1.0000 
psi-cond    61  unit 61        :   1.0000  0.0000     1.0000 - 1.0000 
psi-cond    62  unit 62        :   1.0000  0.0000     1.0000 - 1.0000 
psi-cond    63  unit 63        :   1.0000  0.0000     1.0000 - 1.0000 
psi-cond    64  unit 64        :   1.0000  0.0000     1.0000 - 1.0000 
psi-cond    65  unit 65        :   1.0000  0.0000     1.0000 - 1.0000 
psi-cond    66  unit 66        :   1.0000  0.0000     1.0000 - 1.0000 
psi-cond    67  unit 67        :   1.0000  0.0000     1.0000 - 1.0000 
psi-cond    68  unit 68        :   1.0000  0.0000     1.0000 - 1.0000 
psi-cond    69  unit 69        :   1.0000  0.0000     1.0000 - 1.0000 
psi-cond    70  unit 70        :   1.0000  0.0000     1.0000 - 1.0000 
psi-cond    71  unit 71        :   1.0000  0.0000     1.0000 - 1.0000 
psi-cond    72  unit 72        :   1.0000  0.0000     1.0000 - 1.0000 
psi-cond    73  unit 73        :   1.0000  0.0000     1.0000 - 1.0000 
psi-cond    74  unit 74        :   1.0000  0.0000     1.0000 - 1.0000 

CPU time= 1 seconds (0.02 min)

