

PRESENCE - Presence/Absence-Site Occupancy data analysis
Tue May 30 19:07:59 2017,       Version 12.0_170523.
- - - - - - - - - - - - - - - - - - - - - - - - - - - - -
==>i=paodata.pao
==>j=.\pres3c58317d4c21.dm
==>l=pres_psi(1)p(1).out
==> 
==>quiet
==>maxfn=32000
==>name=psi(1)p(1)
==>lmt=1
varcov: nsig=6 eps=1.000000e-002
no model name N,T-->74,3




********* Input Data summary *******
Number of sites                = 74
Number of sampling occasions   = 3
Number of states               = 0
Number of missing observations = 207
Data checksum = 21798

NSiteCovs-->1
site_covname[0]=psi.int
NSampCovs-->1
samp_covname[0]=p.int
Primary periods=1 Secondary periods: 3
Naive occupancy estimate       = 1.0000

- - - - - - - - - - - - - - - - - - - - - - - - - - - - -
 PRESENCE Analysis 
- - - - - - - - - - - - - - - - - - - - - - - - - - - - -
N=74 T=3 Groups=1 bootstraps=0

-->unit 74
Matrix 1: rows=2, cols=2
            -,a1
psi           1
========================

Matrix 2: rows=4, cols=2
            -,b1
p1            1
p2            1
p3            1
========================

Matrix 3: rows=0, cols=0
========================

Matrix 4: rows=0, cols=0
========================

Matrix 5: rows=0, cols=0
========================

Matrix 6: rows=0, cols=0
========================

modtype=1

Custom Model:

Number of significant digits   =   9.8

Model has been fit using the logistic link.


Number of parameters           = 2
Number of function calls           = 122
-2log(likelihood)              = 19.0954
AIC                            = 23.0954

Untransformed Estimates of coefficients for covariates (Beta's)
======================================================================
                                          estimate    std.error
A1   psi                              :  28.317043  631921.998647
B1   p1                               :  -0.693147    0.547723

============================================================

   Individual Site estimates of <psi>
                Site               estimate  Std.err   95% conf. interval
psi             1 unit 1          :  1.0000   0.0000     0.0000 -  1.0000

============================================================

   Individual Site estimates of <p1>
                Site               estimate  Std.err   95% conf. interval
p1              1 unit 1          :  0.3333   0.1217     0.1460 -  0.5940
p2              1 unit 1          :  0.3333   0.1217     0.1460 -  0.5940
p3              1 unit 1          :  0.3333   0.1217     0.1460 -  0.5940

============================================================


 DERIVED parameter - Psi-conditional = [Pr(occ | detection history)]

        Site                     psi-cond  Std.err     95% conf. interval
psi-cond     1   unit 1        :   1.0000  0.0000     1.0000 - 1.0000 
psi-cond     2   unit 2        :   1.0000  0.0000     1.0000 - 1.0000 
psi-cond     3   unit 3        :   1.0000  0.0000     1.0000 - 1.0000 
psi-cond     4   unit 4        :   1.0000  0.0000     1.0000 - 1.0000 
psi-cond     5   unit 5        :   1.0000  0.0000     1.0000 - 1.0000 
psi-cond     6   unit 6        :   1.0000  0.0000     1.0000 - 1.0000 
psi-cond     7   unit 7        :   1.0000  0.0000     1.0000 - 1.0000 
psi-cond     8   unit 8        :   1.0000  0.0000     1.0000 - 1.0000 
psi-cond     9   unit 9        :   1.0000  0.0000     1.0000 - 1.0000 
psi-cond    10  unit 10        :   1.0000  0.0000     1.0000 - 1.0000 
psi-cond    11  unit 11        :   1.0000  0.0000     1.0000 - 1.0000 
psi-cond    12  unit 12        :   1.0000  0.0000     1.0000 - 1.0000 
psi-cond    13  unit 13        :   1.0000  0.0000     1.0000 - 1.0000 
psi-cond    14  unit 14        :   1.0000  0.0000     1.0000 - 1.0000 
psi-cond    15  unit 15        :   1.0000  0.0000     1.0000 - 1.0000 
psi-cond    16  unit 16        :   1.0000  0.0000     1.0000 - 1.0000 
psi-cond    17  unit 17        :   1.0000  0.0000     1.0000 - 1.0000 
psi-cond    18  unit 18        :   1.0000  0.0000     1.0000 - 1.0000 
psi-cond    19  unit 19        :   1.0000  0.0000     1.0000 - 1.0000 
psi-cond    20  unit 20        :   1.0000  0.0000     1.0000 - 1.0000 
psi-cond    21  unit 21        :   1.0000  0.0000     1.0000 - 1.0000 
psi-cond    22  unit 22        :   1.0000  0.0000     1.0000 - 1.0000 
psi-cond    23  unit 23        :   1.0000  0.0000     1.0000 - 1.0000 
psi-cond    24  unit 24        :   1.0000  0.0000     1.0000 - 1.0000 
psi-cond    25  unit 25        :   1.0000  0.0000     1.0000 - 1.0000 
psi-cond    26  unit 26        :   1.0000  0.0000     1.0000 - 1.0000 
psi-cond    27  unit 27        :   1.0000  0.0000     1.0000 - 1.0000 
psi-cond    28  unit 28        :   1.0000  0.0000     1.0000 - 1.0000 
psi-cond    29  unit 29        :   1.0000  0.0000     1.0000 - 1.0000 
psi-cond    30  unit 30        :   1.0000  0.0000     1.0000 - 1.0000 
psi-cond    31  unit 31        :   1.0000  0.0000     1.0000 - 1.0000 
psi-cond    32  unit 32        :   1.0000  0.0000     1.0000 - 1.0000 
psi-cond    33  unit 33        :   1.0000  0.0000     1.0000 - 1.0000 
psi-cond    34  unit 34        :   1.0000  0.0000     1.0000 - 1.0000 
psi-cond    35  unit 35        :   1.0000  0.0000     1.0000 - 1.0000 
psi-cond    36  unit 36        :   1.0000  0.0000     1.0000 - 1.0000 
psi-cond    37  unit 37        :   1.0000  0.0000     1.0000 - 1.0000 
psi-cond    38  unit 38        :   1.0000  0.0000     1.0000 - 1.0000 
psi-cond    39  unit 39        :   1.0000  0.0000     1.0000 - 1.0000 
psi-cond    40  unit 40        :   1.0000  0.0000     1.0000 - 1.0000 
psi-cond    41  unit 41        :   1.0000  0.0000     1.0000 - 1.0000 
psi-cond    42  unit 42        :   1.0000  0.0000     1.0000 - 1.0000 
psi-cond    43  unit 43        :   1.0000  0.0000     1.0000 - 1.0000 
psi-cond    44  unit 44        :   1.0000  0.0000     1.0000 - 1.0000 
psi-cond    45  unit 45        :   1.0000  0.0000     1.0000 - 1.0000 
psi-cond    46  unit 46        :   1.0000  0.0000     1.0000 - 1.0000 
psi-cond    47  unit 47        :   1.0000  0.0000     1.0000 - 1.0000 
psi-cond    48  unit 48        :   1.0000  0.0000     1.0000 - 1.0000 
psi-cond    49  unit 49        :   1.0000  0.0000     1.0000 - 1.0000 
psi-cond    50  unit 50        :   1.0000  0.0000     1.0000 - 1.0000 
psi-cond    51  unit 51        :   1.0000  0.0000     1.0000 - 1.0000 
psi-cond    52  unit 52        :   1.0000  0.0000     1.0000 - 1.0000 
psi-cond    53  unit 53        :   1.0000  0.0000     1.0000 - 1.0000 
psi-cond    54  unit 54        :   1.0000  0.0000     1.0000 - 1.0000 
psi-cond    55  unit 55        :   1.0000  0.0000     1.0000 - 1.0000 
psi-cond    56  unit 56        :   1.0000  0.0000     1.0000 - 1.0000 
psi-cond    57  unit 57        :   1.0000  0.0000     1.0000 - 1.0000 
psi-cond    58  unit 58        :   1.0000  0.0000     1.0000 - 1.0000 
psi-cond    59  unit 59        :   1.0000  0.0000     1.0000 - 1.0000 
psi-cond    60  unit 60        :   1.0000  0.0000     1.0000 - 1.0000 
psi-cond    61  unit 61        :   1.0000  0.0000     1.0000 - 1.0000 
psi-cond    62  unit 62        :   1.0000  0.0000     1.0000 - 1.0000 
psi-cond    63  unit 63        :   1.0000  0.0000     1.0000 - 1.0000 
psi-cond    64  unit 64        :   1.0000  0.0000     1.0000 - 1.0000 
psi-cond    65  unit 65        :   1.0000  0.0000     1.0000 - 1.0000 
psi-cond    66  unit 66        :   1.0000  0.0000     1.0000 - 1.0000 
psi-cond    67  unit 67        :   1.0000  0.0000     1.0000 - 1.0000 
psi-cond    68  unit 68        :   1.0000  0.0000     1.0000 - 1.0000 
psi-cond    69  unit 69        :   1.0000  0.0000     1.0000 - 1.0000 
psi-cond    70  unit 70        :   1.0000  0.0000     1.0000 - 1.0000 
psi-cond    71  unit 71        :   1.0000  0.0000     1.0000 - 1.0000 
psi-cond    72  unit 72        :   1.0000  0.0000     1.0000 - 1.0000 
psi-cond    73  unit 73        :   1.0000  0.0000     1.0000 - 1.0000 
psi-cond    74  unit 74        :   1.0000  0.0000     1.0000 - 1.0000 

CPU time= 0 seconds (0.00 min)

