

PRESENCE - Presence/Absence-Site Occupancy data analysis
Tue May 30 20:56:35 2017,       Version 12.0_170523.
- - - - - - - - - - - - - - - - - - - - - - - - - - - - -
==>i=paodata.pao
==>j=.\pres36f016a166b7.dm
==>l=pres_psi(habitat)p(survey).out
==> 
==>quiet
==>maxfn=32000
==>name=psi(Habitat)p(SURVEY)
==>lmt=1
varcov: nsig=6 eps=1.000000e-002
no model name N,T-->72,5




********* Input Data summary *******
Number of sites                = 72
Number of sampling occasions   = 5
Number of states               = 0
Number of missing observations = 98
Data checksum = 53860

NSiteCovs-->2
site_covname[0]=psi.int
site_covname[1]=psi.Habitatunbrowsed
NSampCovs-->5
samp_covname[0]=p.int
samp_covname[1]=p.SURVEY2
samp_covname[2]=p.SURVEY3
samp_covname[3]=p.SURVEY4
samp_covname[4]=p.SURVEY5
Primary periods=1 Secondary periods: 5
Naive occupancy estimate       = 0.4861

- - - - - - - - - - - - - - - - - - - - - - - - - - - - -
 Weta 
- - - - - - - - - - - - - - - - - - - - - - - - - - - - -
N=72 T=5 Groups=1 bootstraps=0

-->site 72
Matrix 1: rows=2, cols=3
            -,a1,a2
psi           1 psi.Habitatunbrowsed
========================

Matrix 2: rows=6, cols=6
            -,b1,b2,b3,b4,b5
p1            1 p.SURVEY2 p.SURVEY3 p.SURVEY4 p.SURVEY5
p2            1 p.SURVEY2 p.SURVEY3 p.SURVEY4 p.SURVEY5
p3            1 p.SURVEY2 p.SURVEY3 p.SURVEY4 p.SURVEY5
p4            1 p.SURVEY2 p.SURVEY3 p.SURVEY4 p.SURVEY5
p5            1 p.SURVEY2 p.SURVEY3 p.SURVEY4 p.SURVEY5
========================

Matrix 3: rows=0, cols=0
========================

Matrix 4: rows=0, cols=0
========================

Matrix 5: rows=0, cols=0
========================

Matrix 6: rows=0, cols=0
========================

modtype=1

Custom Model:

Number of significant digits   =   7.6

Model has been fit using the logistic link.


Number of parameters           = 7
Number of function calls           = 177
-2log(likelihood)              = 245.4368
AIC                            = 259.4368

Untransformed Estimates of coefficients for covariates (Beta's)
======================================================================
                                          estimate    std.error
A1   psi                              :   1.207831    0.695728
A2   psi.psi.Habitatunbrowsed         :  -1.235149    0.750628
B1   p1                               :  -0.610013    0.431232
B2   p1.p.SURVEY2                     :  -0.155136    0.528279
B3   p1.p.SURVEY3                     :  -0.979283    0.588140
B4   p1.p.SURVEY4                     :  -0.182723    0.542381
B5   p1.p.SURVEY5                     :   0.981115    0.545614

============================================================

   Individual Site estimates of <psi>
                Site               estimate  Std.err   95% conf. interval
psi             1 site 1          :  0.7699   0.1232     0.4611 -  0.9290

============================================================

   Individual Site estimates of <p1>
                Site               estimate  Std.err   95% conf. interval
p1              1 site 1          :  0.3521   0.0984     0.1892 -  0.5585
p2              1 site 1          :  0.3175   0.0892     0.1719 -  0.5104
p3              1 site 1          :  0.1695   0.0671     0.0742 -  0.3418
p4              1 site 1          :  0.3116   0.0882     0.1682 -  0.5032
p5              1 site 1          :  0.5917   0.1043     0.3833 -  0.7716

============================================================


 DERIVED parameter - Psi-conditional = [Pr(occ | detection history)]

        Site                     psi-cond  Std.err     95% conf. interval
psi-cond     1   site 1        :   0.4583  0.2189     0.1306 - 0.8265 
psi-cond     2   site 2        :   0.4583  0.2189     0.1306 - 0.8265 
psi-cond     3   site 3        :   1.0000  0.0000     1.0000 - 1.0000 
psi-cond     4   site 4        :   0.1974  0.0987     0.0677 - 0.4547 
psi-cond     5   site 5        :   0.4583  0.2189     0.1306 - 0.8265 
psi-cond     6   site 6        :   0.1974  0.0987     0.0677 - 0.4547 
psi-cond     7   site 7        :   0.1974  0.0987     0.0677 - 0.4547 
psi-cond     8   site 8        :   0.1974  0.0987     0.0677 - 0.4547 
psi-cond     9   site 9        :   0.1974  0.0987     0.0677 - 0.4547 
psi-cond    10  site 10        :   1.0000  0.0000     1.0000 - 1.0000 
psi-cond    11  site 11        :   1.0000  0.0000     1.0000 - 1.0000 
psi-cond    12  site 12        :   1.0000  0.0000     1.0000 - 1.0000 
psi-cond    13  site 13        :   1.0000  0.0000     1.0000 - 1.0000 
psi-cond    14  site 14        :   0.1079  0.0689     0.0289 - 0.3298 
psi-cond    15  site 15        :   1.0000  0.0000     1.0000 - 1.0000 
psi-cond    16  site 16        :   1.0000  0.0000     1.0000 - 1.0000 
psi-cond    17  site 17        :   0.4364  0.2196     0.1186 - 0.8167 
psi-cond    18  site 18        :   1.0000  0.0000     1.0000 - 1.0000 
psi-cond    19  site 19        :   0.1838  0.0952     0.0609 - 0.4386 
psi-cond    20  site 20        :   0.3341  0.2133     0.0712 - 0.7666 
psi-cond    21  site 21        :   0.4237  0.2210     0.1109 - 0.8125 
psi-cond    22  site 22        :   0.1761  0.0940     0.0566 - 0.4322 
psi-cond    23  site 23        :   1.0000  0.0000     1.0000 - 1.0000 
psi-cond    24  site 24        :   0.1761  0.0940     0.0566 - 0.4322 
psi-cond    25  site 25        :   0.1761  0.0940     0.0566 - 0.4322 
psi-cond    26  site 26        :   0.2633  0.1127     0.1027 - 0.5274 
psi-cond    27  site 27        :   0.2633  0.1127     0.1027 - 0.5274 
psi-cond    28  site 28        :   1.0000  0.0000     1.0000 - 1.0000 
psi-cond    29  site 29        :   0.2633  0.1127     0.1027 - 0.5274 
psi-cond    30  site 30        :   0.1974  0.0987     0.0677 - 0.4547 
psi-cond    31  site 31        :   0.1974  0.0987     0.0677 - 0.4547 
psi-cond    32  site 32        :   0.4583  0.2189     0.1306 - 0.8265 
psi-cond    33  site 33        :   0.1974  0.0987     0.0677 - 0.4547 
psi-cond    34  site 34        :   1.0000  0.0000     1.0000 - 1.0000 
psi-cond    35  site 35        :   0.0913  0.0614     0.0230 - 0.3000 
psi-cond    36  site 36        :   0.0913  0.0614     0.0230 - 0.3000 
psi-cond    37  site 37        :   1.0000  0.0000     1.0000 - 1.0000 
psi-cond    38  site 38        :   0.3909  0.2170     0.0971 - 0.7930 
psi-cond    39  site 39        :   1.0000  0.0000     1.0000 - 1.0000 
psi-cond    40  site 40        :   0.1342  0.0784     0.0397 - 0.3679 
psi-cond    41  site 41        :   1.0000  0.0000     1.0000 - 1.0000 
psi-cond    42  site 42        :   1.0000  0.0000     1.0000 - 1.0000 
psi-cond    43  site 43        :   1.0000  0.0000     1.0000 - 1.0000 
psi-cond    44  site 44        :   1.0000  0.0000     1.0000 - 1.0000 
psi-cond    45  site 45        :   1.0000  0.0000     1.0000 - 1.0000 
psi-cond    46  site 46        :   1.0000  0.0000     1.0000 - 1.0000 
psi-cond    47  site 47        :   1.0000  0.0000     1.0000 - 1.0000 
psi-cond    48  site 48        :   0.4583  0.2189     0.1306 - 0.8265 
psi-cond    49  site 49        :   1.0000  0.0000     1.0000 - 1.0000 
psi-cond    50  site 50        :   1.0000  0.0000     1.0000 - 1.0000 
psi-cond    51  site 51        :   1.0000  0.0000     1.0000 - 1.0000 
psi-cond    52  site 52        :   1.0000  0.0000     1.0000 - 1.0000 
psi-cond    53  site 53        :   1.0000  0.0000     1.0000 - 1.0000 
psi-cond    54  site 54        :   0.4583  0.2189     0.1306 - 0.8265 
psi-cond    55  site 55        :   0.4583  0.2189     0.1306 - 0.8265 
psi-cond    56  site 56        :   0.1974  0.0987     0.0677 - 0.4547 
psi-cond    57  site 57        :   1.0000  0.0000     1.0000 - 1.0000 
psi-cond    58  site 58        :   0.2937  0.2028     0.0577 - 0.7385 
psi-cond    59  site 59        :   1.0000  0.0000     1.0000 - 1.0000 
psi-cond    60  site 60        :   1.0000  0.0000     1.0000 - 1.0000 
psi-cond    61  site 61        :   1.0000  0.0000     1.0000 - 1.0000 
psi-cond    62  site 62        :   1.0000  0.0000     1.0000 - 1.0000 
psi-cond    63  site 63        :   0.1838  0.0952     0.0609 - 0.4386 
psi-cond    64  site 64        :   0.1838  0.0952     0.0609 - 0.4386 
psi-cond    65  site 65        :   1.0000  0.0000     1.0000 - 1.0000 
psi-cond    66  site 66        :   0.4364  0.2196     0.1186 - 0.8167 
psi-cond    67  site 67        :   1.0000  0.0000     1.0000 - 1.0000 
psi-cond    68  site 68        :   1.0000  0.0000     1.0000 - 1.0000 
psi-cond    69  site 69        :   1.0000  0.0000     1.0000 - 1.0000 
psi-cond    70  site 70        :   0.4237  0.2210     0.1109 - 0.8125 
psi-cond    71  site 71        :   0.1761  0.0940     0.0566 - 0.4322 
psi-cond    72  site 72        :   1.0000  0.0000     1.0000 - 1.0000 

CPU time= 0 seconds (0.00 min)

