

PRESENCE - Presence/Absence-Site Occupancy data analysis
Tue May 30 20:56:35 2017,       Version 12.0_170523.
- - - - - - - - - - - - - - - - - - - - - - - - - - - - -
==>i=paodata.pao
==>j=.\pres36f07ed71148.dm
==>l=pres_psi(habitat)p(obs).out
==> 
==>quiet
==>maxfn=32000
==>name=psi(Habitat)p(Obs)
==>lmt=1
varcov: nsig=6 eps=1.000000e-002
no model name N,T-->72,5




********* Input Data summary *******
Number of sites                = 72
Number of sampling occasions   = 5
Number of states               = 0
Number of missing observations = 98
Data checksum = 53860

NSiteCovs-->2
site_covname[0]=psi.int
site_covname[1]=psi.Habitatunbrowsed
NSampCovs-->3
samp_covname[0]=p.int
samp_covname[1]=p.Obs2
samp_covname[2]=p.Obs3
Primary periods=1 Secondary periods: 5
Naive occupancy estimate       = 0.4861

- - - - - - - - - - - - - - - - - - - - - - - - - - - - -
 Weta 
- - - - - - - - - - - - - - - - - - - - - - - - - - - - -
N=72 T=5 Groups=1 bootstraps=0

-->site 72
Matrix 1: rows=2, cols=3
            -,a1,a2
psi           1 psi.Habitatunbrowsed
========================

Matrix 2: rows=6, cols=4
            -,b1,b2,b3
p1            1 p.Obs2 p.Obs3
p2            1 p.Obs2 p.Obs3
p3            1 p.Obs2 p.Obs3
p4            1 p.Obs2 p.Obs3
p5            1 p.Obs2 p.Obs3
========================

Matrix 3: rows=0, cols=0
========================

Matrix 4: rows=0, cols=0
========================

Matrix 5: rows=0, cols=0
========================

Matrix 6: rows=0, cols=0
========================

modtype=1

Custom Model:

Number of significant digits   =   7.9

Model has been fit using the logistic link.


Number of parameters           = 5
Number of function calls           = 132
-2log(likelihood)              = 252.0421
AIC                            = 262.0421

Untransformed Estimates of coefficients for covariates (Beta's)
======================================================================
                                          estimate    std.error
A1   psi                              :   1.117871    0.626744
A2   psi.psi.Habitatunbrowsed         :  -1.179205    0.701541
B1   p1                               :  -1.245264    0.361417
B2   p1.p.Obs2                        :   0.749809    0.442663
B3   p1.p.Obs3                        :   1.029421    0.432397

============================================================

   Individual Site estimates of <psi>
                Site               estimate  Std.err   95% conf. interval
psi             1 site 1          :  0.7536   0.1164     0.4724 -  0.9126

============================================================

   Individual Site estimates of <p1>
                Site               estimate  Std.err   95% conf. interval
p1              1 site 1          :  0.2235   0.0627     0.1242 -  0.3689
p2              1 site 1          :  0.4462   0.0808     0.2980 -  0.6047
p3              1 site 1          :  0.3786   0.0800     0.2383 -  0.5426
p4              1 site 1          :  0.4462   0.0808     0.2980 -  0.6047
p5              1 site 1          :   .          .            .         -   .

============================================================


 DERIVED parameter - Psi-conditional = [Pr(occ | detection history)]

        Site                     psi-cond  Std.err     95% conf. interval
psi-cond     1   site 1        :   0.3115  0.1861     0.0763 - 0.7125 
psi-cond     2   site 2        :   0.3115  0.1861     0.0763 - 0.7125 
psi-cond     3   site 3        :   1.0000  0.0000     1.0000 - 1.0000 
psi-cond     4   site 4        :   0.1222  0.0712     0.0365 - 0.3383 
psi-cond     5   site 5        :   0.3115  0.1861     0.0763 - 0.7125 
psi-cond     6   site 6        :   0.1222  0.0712     0.0365 - 0.3383 
psi-cond     7   site 7        :   0.1222  0.0712     0.0365 - 0.3383 
psi-cond     8   site 8        :   0.1222  0.0712     0.0365 - 0.3383 
psi-cond     9   site 9        :   0.1222  0.0712     0.0365 - 0.3383 
psi-cond    10  site 10        :   1.0000  0.0000     1.0000 - 1.0000 
psi-cond    11  site 11        :   1.0000  0.0000     1.0000 - 1.0000 
psi-cond    12  site 12        :   1.0000  0.0000     1.0000 - 1.0000 
psi-cond    13  site 13        :   1.0000  0.0000     1.0000 - 1.0000 
psi-cond    14  site 14        :   0.1481  0.0816     0.0467 - 0.3816 
psi-cond    15  site 15        :   1.0000  0.0000     1.0000 - 1.0000 
psi-cond    16  site 16        :   1.0000  0.0000     1.0000 - 1.0000 
psi-cond    17  site 17        :   0.4497  0.1927     0.1508 - 0.7899 
psi-cond    18  site 18        :   1.0000  0.0000     1.0000 - 1.0000 
psi-cond    19  site 19        :   0.2008  0.0919     0.0756 - 0.4357 
psi-cond    20  site 20        :   0.3882  0.1932     0.1141 - 0.7577 
psi-cond    21  site 21        :   0.5340  0.1851     0.2105 - 0.8312 
psi-cond    22  site 22        :   0.2606  0.1050     0.1080 - 0.5063 
psi-cond    23  site 23        :   1.0000  0.0000     1.0000 - 1.0000 
psi-cond    24  site 24        :   0.2606  0.1050     0.1080 - 0.5063 
psi-cond    25  site 25        :   0.2606  0.1050     0.1080 - 0.5063 
psi-cond    26  site 26        :   0.2008  0.0919     0.0756 - 0.4357 
psi-cond    27  site 27        :   0.2008  0.0919     0.0756 - 0.4357 
psi-cond    28  site 28        :   1.0000  0.0000     1.0000 - 1.0000 
psi-cond    29  site 29        :   0.2008  0.0919     0.0756 - 0.4357 
psi-cond    30  site 30        :   0.1633  0.0833     0.0557 - 0.3921 
psi-cond    31  site 31        :   0.1633  0.0833     0.0557 - 0.3921 
psi-cond    32  site 32        :   0.3882  0.1932     0.1141 - 0.7577 
psi-cond    33  site 33        :   0.1633  0.0833     0.0557 - 0.3921 
psi-cond    34  site 34        :   1.0000  0.0000     1.0000 - 1.0000 
psi-cond    35  site 35        :   0.1081  0.0659     0.0308 - 0.3165 
psi-cond    36  site 36        :   0.1081  0.0659     0.0308 - 0.3165 
psi-cond    37  site 37        :   1.0000  0.0000     1.0000 - 1.0000 
psi-cond    38  site 38        :   0.5340  0.1851     0.2105 - 0.8312 
psi-cond    39  site 39        :   1.0000  0.0000     1.0000 - 1.0000 
psi-cond    40  site 40        :   0.1633  0.0833     0.0557 - 0.3921 
psi-cond    41  site 41        :   1.0000  0.0000     1.0000 - 1.0000 
psi-cond    42  site 42        :   1.0000  0.0000     1.0000 - 1.0000 
psi-cond    43  site 43        :   1.0000  0.0000     1.0000 - 1.0000 
psi-cond    44  site 44        :   1.0000  0.0000     1.0000 - 1.0000 
psi-cond    45  site 45        :   1.0000  0.0000     1.0000 - 1.0000 
psi-cond    46  site 46        :   1.0000  0.0000     1.0000 - 1.0000 
psi-cond    47  site 47        :   1.0000  0.0000     1.0000 - 1.0000 
psi-cond    48  site 48        :   0.3368  0.1903     0.0872 - 0.7296 
psi-cond    49  site 49        :   1.0000  0.0000     1.0000 - 1.0000 
psi-cond    50  site 50        :   1.0000  0.0000     1.0000 - 1.0000 
psi-cond    51  site 51        :   1.0000  0.0000     1.0000 - 1.0000 
psi-cond    52  site 52        :   1.0000  0.0000     1.0000 - 1.0000 
psi-cond    53  site 53        :   1.0000  0.0000     1.0000 - 1.0000 
psi-cond    54  site 54        :   0.3368  0.1903     0.0872 - 0.7296 
psi-cond    55  site 55        :   0.3368  0.1903     0.0872 - 0.7296 
psi-cond    56  site 56        :   0.1351  0.0756     0.0421 - 0.3570 
psi-cond    57  site 57        :   1.0000  0.0000     1.0000 - 1.0000 
psi-cond    58  site 58        :   0.2658  0.1779     0.0572 - 0.6837 
psi-cond    59  site 59        :   1.0000  0.0000     1.0000 - 1.0000 
psi-cond    60  site 60        :   1.0000  0.0000     1.0000 - 1.0000 
psi-cond    61  site 61        :   1.0000  0.0000     1.0000 - 1.0000 
psi-cond    62  site 62        :   1.0000  0.0000     1.0000 - 1.0000 
psi-cond    63  site 63        :   0.2008  0.0919     0.0756 - 0.4357 
psi-cond    64  site 64        :   0.2008  0.0919     0.0756 - 0.4357 
psi-cond    65  site 65        :   1.0000  0.0000     1.0000 - 1.0000 
psi-cond    66  site 66        :   0.4497  0.1927     0.1508 - 0.7899 
psi-cond    67  site 67        :   1.0000  0.0000     1.0000 - 1.0000 
psi-cond    68  site 68        :   1.0000  0.0000     1.0000 - 1.0000 
psi-cond    69  site 69        :   1.0000  0.0000     1.0000 - 1.0000 
psi-cond    70  site 70        :   0.4214  0.1975     0.1296 - 0.7808 
psi-cond    71  site 71        :   0.1830  0.0913     0.0634 - 0.4256 
psi-cond    72  site 72        :   1.0000  0.0000     1.0000 - 1.0000 

CPU time= 0 seconds (0.00 min)

